0	1	mikroCPIC1618.exe -MSF -DBG -pP18F45K22 -DL -O11111114 -fo64 -N"D:\programming&CCt Design\Microcontroller\Projects\Mikromedia with Robot\Bluetooth Receiver\Robot_Brain.mcppi" -SP"C:\Program Files (x86)\Mikroelektronika\mikroC PRO for PIC\defs\" -SP"C:\Program Files (x86)\Mikroelektronika\mikroC PRO for PIC\uses\P18\" -SP"D:\programming&CCt Design\Microcontroller\Projects\Mikromedia with Robot\Bluetooth Receiver\" -SP"D:\programming&CCt Design\Microcontroller\Projects\Mikromedia\Bluetooth Receiver\" -SP"D:\programming&CCt Design\Microcontroller\Devices Libray\Bluetooth\mikroC PRO for PIC\EasyPIC v7 - PIC18F45K22\" -SP"C:\Users\Public\Documents\Mikroelektronika\mikroC PRO for PIC\defs\" -SP"C:\Users\Public\Documents\Mikroelektronika\mikroC PRO for PIC\uses\P18\" -SP"D:\programming&CCt Design\Microcontroller\Devices\Bluetooth\mikroC PRO for PIC\EasyPIC v7 - PIC18F45K22\" -IP"D:\programming&CCt Design\Microcontroller\Projects\Mikromedia\Bluetooth Receiver\" -IP"D:\programming&CCt Design\Microcontroller\Projects\Mikromedia with Robot\Bluetooth Receiver\" "Bluetooth_Driver.c" "Initialization.c" "Main.c" "compass_events_code.c" "lsm303dlhc_driver.c" "Rover_Driver.c" "GPS_Driver.c" "__Lib_Math.mcl" "__Lib_MathDouble.mcl" "__Lib_System.mcl" "__Lib_Delays.mcl" "__Lib_CString.mcl" "__Lib_CStdlib.mcl" "__Lib_CMath.mcl" "__Lib_Conversions.mcl" "__Lib_EEPROM_256.mcl" "__Lib_I2C_c34d01.mcl" "__Lib_PWM_c21.mcl" "__Lib_UART_c67d67.mcl" "__Lib_LcdConsts.mcl" "__Lib_Lcd.mcl"	 
warning: 0	1501	Specified search path does not exist: 'D:\programming&CCt Design\Microcontroller\Projects\Mikromedia\Bluetooth Receiver'	 
warning: 0	1501	Specified search path does not exist: 'C:\Users\Public\Documents\Mikroelektronika\mikroC PRO for PIC\defs'	 
warning: 0	1501	Specified search path does not exist: 'C:\Users\Public\Documents\Mikroelektronika\mikroC PRO for PIC\uses\P18'	 
warning: 0	1501	Specified search path does not exist: 'D:\programming&CCt Design\Microcontroller\Devices\Bluetooth\mikroC PRO for PIC\EasyPIC v7 - PIC18F45K22'	 
warning: 0	1502	Specified include path does not exist: 'D:\programming&CCt Design\Microcontroller\Projects\Mikromedia\Bluetooth Receiver'	 
hint: 0	1139	Available RAM: 1515 [bytes], Available ROM: 32768 [bytes]	 
diagnostics: 0	126	All files Preprocessed in 499 ms	 
diagnostics: 0	122	Compilation Started	bluetooth_function.h
diagnostics: 229	123	Compiled Successfully	Bluetooth_Driver.c
diagnostics: 0	122	Compilation Started	bluetooth_function.h
diagnostics: 40	123	Compiled Successfully	Initialization.c
diagnostics: 0	122	Compilation Started	bluetooth_function.h
diagnostics: 83	123	Compiled Successfully	Main.c
diagnostics: 0	122	Compilation Started	lsm303dlhc_driver.h
warning: 78	1503	Result is not defined in function: 'Save_Cal_Consts'	compass_events_code.c
diagnostics: 112	123	Compiled Successfully	compass_events_code.c
diagnostics: 0	122	Compilation Started	lsm303dlhc_driver.h
diagnostics: 632	123	Compiled Successfully	lsm303dlhc_driver.c
hint: 110	1164	Variable 'mag' has been eliminated by optimizer	lsm303dlhc_driver.c
hint: 176	1164	Variable 'mag_temp' has been eliminated by optimizer	lsm303dlhc_driver.c
hint: 242	1164	Variable 'temp2' has been eliminated by optimizer	lsm303dlhc_driver.c
hint: 294	1164	Variable 'response' has been eliminated by optimizer	lsm303dlhc_driver.c
diagnostics: 0	122	Compilation Started	bluetooth_function.h
warning: 10	1504	Initialization of extern object 'North_min'	Rover_Driver.c
warning: 11	1504	Initialization of extern object 'North_max'	Rover_Driver.c
warning: 12	1504	Initialization of extern object 'East_min'	Rover_Driver.c
warning: 13	1504	Initialization of extern object 'East_max'	Rover_Driver.c
warning: 14	1504	Initialization of extern object 'South_min'	Rover_Driver.c
warning: 15	1504	Initialization of extern object 'South_max'	Rover_Driver.c
warning: 16	1504	Initialization of extern object 'West_min'	Rover_Driver.c
warning: 17	1504	Initialization of extern object 'West_max'	Rover_Driver.c
diagnostics: 185	123	Compiled Successfully	Rover_Driver.c
diagnostics: 0	122	Compilation Started	bluetooth_function.h
diagnostics: 37	123	Compiled Successfully	GPS_Driver.c
diagnostics: 0	127	All files Compiled in 858 ms	 
hint: 0	1144	Used RAM (bytes): 1465 (97%)  Free RAM (bytes): 50 (3%)	Used RAM (bytes): 1465 (97%)  Free RAM (bytes): 50 (3%)
hint: 0	1144	Used ROM (bytes): 19292 (59%)  Free ROM (bytes): 13476 (41%)	Used ROM (bytes): 19292 (59%)  Free ROM (bytes): 13476 (41%)
diagnostics: 0	125	Project Linked Successfully	Robot_Brain.mcppi
diagnostics: 0	128	Linked in 281 ms	 
diagnostics: 0	129	Project 'Robot_Brain.mcppi' completed: 1716 ms	 
diagnostics: 0	103	Finished successfully: 04 ‰Ì”«‰ 2014, 22:27:39	Robot_Brain.mcppi
